<?xml version="1.0" encoding="UTF-8"?>
<testsuite name="eliminar empleado" tests="1" skipped="0" failures="0" errors="0" timestamp="2023-07-13T17:09:06" hostname="EDWINCHAVARRO" time="6.276">
  <properties/>
  <testcase name="eliminar empleado exitosamente" classname="eliminar empleado" time="6.276"/>
  <system-out><![CDATA[
@Apis
Scenario: eliminar empleado exitosamente # src/test/resources/features/Delete.feature:3
  Given Eliminar registro de empleado 1  # StepDefinitions.StepDefinitionDelete.eliminarRegistroDeEmpleado(int)
  Then validar codigo de status 204      # StepDefinitions.StepDefinitionDelete.validarCodigoDeStatus(java.lang.Integer)

]]></system-out>
  <system-err><![CDATA[[Test worker] INFO  - 
  _____   ___   ___   _____     ___   _____     _     ___   _____   ___   ___  
 |_   _| | __| / __| |_   _|   / __| |_   _|   /_\   | _ \ |_   _| | __| |   \ 
   | |   | _|  \__ \   | |     \__ \   | |    / _ \  |   /   | |   | _|  | |) |
   |_|   |___| |___/   |_|     |___/   |_|   /_/ \_\ |_|_\   |_|   |___| |___/ 

eliminar empleado exitosamente(eliminar-empleado;eliminar-empleado-exitosamente)
--------------------------------------------------------------------------------
[Test worker] INFO  - 
  _____   ___   ___   _____     ___     _     ___   ___   ___   ___  
 |_   _| | __| / __| |_   _|   | _ \   /_\   / __| / __| | __| |   \ 
   | |   | _|  \__ \   | |     |  _/  / _ \  \__ \ \__ \ | _|  | |) |
   |_|   |___| |___/   |_|     |_|   /_/ \_\ |___/ |___/ |___| |___/ 

eliminar empleado exitosamente
----------------------------------------------------------------------
]]></system-err>
</testsuite>
