<?xml version="1.0" encoding="UTF-8"?>
<testsuite name="actualizar datos de empleados" tests="3" skipped="0" failures="0" errors="0" timestamp="2023-07-13T17:09:15" hostname="EDWINCHAVARRO" time="2.947">
  <properties/>
  <testcase name="Actualizar datos empleados #1" classname="actualizar datos de empleados" time="0.688"/>
  <testcase name="Actualizar datos empleados #2" classname="actualizar datos de empleados" time="1.58"/>
  <testcase name="Actualizar datos empleados #3" classname="actualizar datos de empleados" time="0.679"/>
  <system-out><![CDATA[
@Apis
Scenario Outline: Actualizar datos empleados # src/test/resources/features/Put.feature:11
  Given crear usuario con data random        # StepDefinitions.StepDefinitionsPost.crearUsuarioConDataRandom()
  Given actualizar data de empleados         # StepDefinitions.StepDefinitionPut.actualizarDataDeEmpleados(io.cucumber.datatable.DataTable)
    | EmpleadoId |
    | 1          |
  Then se verifica codigos de respuesta 200  # StepDefinitions.StepDefinitionPut.seVerificaCodigosDeRespuesta(java.lang.Integer)
{
    "name": "Alicia",
    "company": "Blanco",
    "updatedAt": "2023-07-13T17:10:54.718Z"
}

@Apis
Scenario Outline: Actualizar datos empleados # src/test/resources/features/Put.feature:12
  Given crear usuario con data random        # StepDefinitions.StepDefinitionsPost.crearUsuarioConDataRandom()
  Given actualizar data de empleados         # StepDefinitions.StepDefinitionPut.actualizarDataDeEmpleados(io.cucumber.datatable.DataTable)
    | EmpleadoId |
    | 2          |
  Then se verifica codigos de respuesta 200  # StepDefinitions.StepDefinitionPut.seVerificaCodigosDeRespuesta(java.lang.Integer)
{
    "name": "Penelope",
    "company": "Castro",
    "updatedAt": "2023-07-13T17:10:56.284Z"
}

@Apis
Scenario Outline: Actualizar datos empleados # src/test/resources/features/Put.feature:13
  Given crear usuario con data random        # StepDefinitions.StepDefinitionsPost.crearUsuarioConDataRandom()
  Given actualizar data de empleados         # StepDefinitions.StepDefinitionPut.actualizarDataDeEmpleados(io.cucumber.datatable.DataTable)
    | EmpleadoId |
    | 3          |
  Then se verifica codigos de respuesta 200  # StepDefinitions.StepDefinitionPut.seVerificaCodigosDeRespuesta(java.lang.Integer)
{
    "name": "Alejandro",
    "company": "Vazquez",
    "updatedAt": "2023-07-13T17:10:56.949Z"
}
]]></system-out>
  <system-err><![CDATA[[Test worker] INFO  - 
  _____   ___   ___   _____     ___   _____     _     ___   _____   ___   ___  
 |_   _| | __| / __| |_   _|   / __| |_   _|   /_\   | _ \ |_   _| | __| |   \ 
   | |   | _|  \__ \   | |     \__ \   | |    / _ \  |   /   | |   | _|  | |) |
   |_|   |___| |___/   |_|     |___/   |_|   /_/ \_\ |_|_\   |_|   |___| |___/ 

Actualizar datos empleados(actualizar-datos-de-empleados;actualizar-datos-empleados)
--------------------------------------------------------------------------------
[Test worker] INFO  - 
  _____   ___   ___   _____     ___     _     ___   ___   ___   ___  
 |_   _| | __| / __| |_   _|   | _ \   /_\   / __| / __| | __| |   \ 
   | |   | _|  \__ \   | |     |  _/  / _ \  \__ \ \__ \ | _|  | |) |
   |_|   |___| |___/   |_|     |_|   /_/ \_\ |___/ |___/ |___| |___/ 

Actualizar datos empleados
----------------------------------------------------------------------
[Test worker] INFO  - 
  _____   ___   ___   _____     ___     _     ___   ___   ___   ___  
 |_   _| | __| / __| |_   _|   | _ \   /_\   / __| / __| | __| |   \ 
   | |   | _|  \__ \   | |     |  _/  / _ \  \__ \ \__ \ | _|  | |) |
   |_|   |___| |___/   |_|     |_|   /_/ \_\ |___/ |___/ |___| |___/ 

Actualizar datos empleados
----------------------------------------------------------------------
]]></system-err>
</testsuite>
