<?xml version="1.0" encoding="UTF-8"?>
<testsuite name="Crear usuarios" tests="1" skipped="0" failures="0" errors="0" timestamp="2023-07-13T17:09:14" hostname="EDWINCHAVARRO" time="0.871">
  <properties/>
  <testcase name="crear usuarios" classname="Crear usuarios" time="0.871"/>
  <system-out><![CDATA[
@Apis
Scenario: crear usuarios                   # src/test/resources/features/Post.feature:3
  Given crear usuario con data random      # StepDefinitions.StepDefinitionsPost.crearUsuarioConDataRandom()
  When crear usuario                       # StepDefinitions.StepDefinitionsPost.crearUsuario()
UsuarioCreado.getName() = Penelope
UsuarioCreado = Nunez
{
    "name": "Penelope",
    "company": "Nunez",
    "id": "911",
    "createdAt": "2023-07-13T17:10:54.004Z"
}
  Then verifico que se cree usuario        # StepDefinitions.StepDefinitionsPost.verificoQueSeCreeUsuario()
  Then se verifica codigo de respuesta 201 # StepDefinitions.StepDefinitionsPost.seVerificaCodigoDeRespuesta(int)
{
    "name": "Penelope",
    "company": "Nunez",
    "id": "911",
    "createdAt": "2023-07-13T17:10:54.004Z"
}
]]></system-out>
  <system-err><![CDATA[[Test worker] INFO  - 
  _____   ___   ___   _____     ___   _____     _     ___   _____   ___   ___  
 |_   _| | __| / __| |_   _|   / __| |_   _|   /_\   | _ \ |_   _| | __| |   \ 
   | |   | _|  \__ \   | |     \__ \   | |    / _ \  |   /   | |   | _|  | |) |
   |_|   |___| |___/   |_|     |___/   |_|   /_/ \_\ |_|_\   |_|   |___| |___/ 

crear usuarios(crear-usuarios;crear-usuarios)
--------------------------------------------------------------------------------
[Test worker] INFO  - 
  _____   ___   ___   _____     ___     _     ___   ___   ___   ___  
 |_   _| | __| / __| |_   _|   | _ \   /_\   / __| / __| | __| |   \ 
   | |   | _|  \__ \   | |     |  _/  / _ \  \__ \ \__ \ | _|  | |) |
   |_|   |___| |___/   |_|     |_|   /_/ \_\ |___/ |___/ |___| |___/ 

crear usuarios
----------------------------------------------------------------------
]]></system-err>
</testsuite>
